2021-07-20 18:54:07,ERROR,[Thread-0],[org.slf4j.helpers.SubstituteLogger.error(SubstituteLogger.java:281)],Topic order_table not present in metadata after 60000 ms.
org.apache.kafka.common.errors.TimeoutException: Topic order_table not present in metadata after 60000 ms.
2021-07-20 18:54:07,ERROR,[Thread-1],[com.hyt.rtdw.data.JsonOrderDetailSender$SendCallBack.onCompletion(JsonOrderDetailSender.java:67)],Topic orders_detail not present in metadata after 60000 ms.
org.apache.kafka.common.errors.TimeoutException: Topic orders_detail not present in metadata after 60000 ms.
2021-07-20 18:55:53,ERROR,[Thread-1],[org.slf4j.helpers.SubstituteLogger.error(SubstituteLogger.java:281)],Topic orders_detail not present in metadata after 60000 ms.
org.apache.kafka.common.errors.TimeoutException: Topic orders_detail not present in metadata after 60000 ms.
2021-07-20 18:55:53,ERROR,[Thread-0],[com.hyt.rtdw.data.JsonOrderSender$SendCallBack.onCompletion(JsonOrderSender.java:74)],Topic order_table not present in metadata after 60000 ms.
org.apache.kafka.common.errors.TimeoutException: Topic order_table not present in metadata after 60000 ms.
2021-07-20 18:59:57,ERROR,[Thread-0],[com.hyt.rtdw.data.JsonOrderSender$SendCallBack.onCompletion(JsonOrderSender.java:74)],Topic order_table not present in metadata after 60000 ms.
org.apache.kafka.common.errors.TimeoutException: Topic order_table not present in metadata after 60000 ms.
2021-07-20 19:01:12,ERROR,[Thread-0],[com.hyt.rtdw.data.JsonOrderSender$SendCallBack.onCompletion(JsonOrderSender.java:74)],Topic order_table not present in metadata after 60000 ms.
org.apache.kafka.common.errors.TimeoutException: Topic order_table not present in metadata after 60000 ms.
2021-07-20 19:02:27,ERROR,[Thread-0],[com.hyt.rtdw.data.JsonOrderSender$SendCallBack.onCompletion(JsonOrderSender.java:74)],Topic order_table not present in metadata after 60000 ms.
org.apache.kafka.common.errors.TimeoutException: Topic order_table not present in metadata after 60000 ms.
2021-07-20 19:03:42,ERROR,[Thread-0],[com.hyt.rtdw.data.JsonOrderSender$SendCallBack.onCompletion(JsonOrderSender.java:74)],Topic order_table not present in metadata after 60000 ms.
org.apache.kafka.common.errors.TimeoutException: Topic order_table not present in metadata after 60000 ms.
2021-07-20 19:04:57,ERROR,[Thread-0],[com.hyt.rtdw.data.JsonOrderSender$SendCallBack.onCompletion(JsonOrderSender.java:74)],Topic order_table not present in metadata after 60000 ms.
org.apache.kafka.common.errors.TimeoutException: Topic order_table not present in metadata after 60000 ms.
2021-07-20 19:06:12,ERROR,[Thread-0],[com.hyt.rtdw.data.JsonOrderSender$SendCallBack.onCompletion(JsonOrderSender.java:74)],Topic order_table not present in metadata after 60000 ms.
org.apache.kafka.common.errors.TimeoutException: Topic order_table not present in metadata after 60000 ms.
2021-07-20 19:07:27,ERROR,[Thread-0],[com.hyt.rtdw.data.JsonOrderSender$SendCallBack.onCompletion(JsonOrderSender.java:74)],Topic order_table not present in metadata after 60000 ms.
org.apache.kafka.common.errors.TimeoutException: Topic order_table not present in metadata after 60000 ms.
2021-07-20 19:08:42,ERROR,[Thread-0],[com.hyt.rtdw.data.JsonOrderSender$SendCallBack.onCompletion(JsonOrderSender.java:74)],Topic order_table not present in metadata after 60000 ms.
org.apache.kafka.common.errors.TimeoutException: Topic order_table not present in metadata after 60000 ms.
2021-07-20 19:09:57,ERROR,[Thread-0],[com.hyt.rtdw.data.JsonOrderSender$SendCallBack.onCompletion(JsonOrderSender.java:74)],Topic order_table not present in metadata after 60000 ms.
org.apache.kafka.common.errors.TimeoutException: Topic order_table not present in metadata after 60000 ms.
2021-07-20 19:45:07,ERROR,[Thread-0],[com.hyt.rtdw.data.JsonOrderSender$SendCallBack.onCompletion(JsonOrderSender.java:74)],Topic order_table not present in metadata after 60000 ms.
org.apache.kafka.common.errors.TimeoutException: Topic order_table not present in metadata after 60000 ms.
2021-07-20 19:48:54,ERROR,[Thread-0],[com.hyt.rtdw.data.JsonOrderSender$SendCallBack.onCompletion(JsonOrderSender.java:74)],Topic order_table not present in metadata after 60000 ms.
org.apache.kafka.common.errors.TimeoutException: Topic order_table not present in metadata after 60000 ms.
2021-07-20 19:50:09,ERROR,[Thread-0],[com.hyt.rtdw.data.JsonOrderSender$SendCallBack.onCompletion(JsonOrderSender.java:74)],Topic order_table not present in metadata after 60000 ms.
org.apache.kafka.common.errors.TimeoutException: Topic order_table not present in metadata after 60000 ms.
2021-07-20 19:51:24,ERROR,[Thread-0],[com.hyt.rtdw.data.JsonOrderSender$SendCallBack.onCompletion(JsonOrderSender.java:74)],Topic order_table not present in metadata after 60000 ms.
org.apache.kafka.common.errors.TimeoutException: Topic order_table not present in metadata after 60000 ms.
2021-07-20 19:52:39,ERROR,[Thread-0],[com.hyt.rtdw.data.JsonOrderSender$SendCallBack.onCompletion(JsonOrderSender.java:74)],Topic order_table not present in metadata after 60000 ms.
org.apache.kafka.common.errors.TimeoutException: Topic order_table not present in metadata after 60000 ms.
2021-07-20 19:53:54,ERROR,[Thread-0],[com.hyt.rtdw.data.JsonOrderSender$SendCallBack.onCompletion(JsonOrderSender.java:74)],Topic order_table not present in metadata after 60000 ms.
org.apache.kafka.common.errors.TimeoutException: Topic order_table not present in metadata after 60000 ms.
2021-07-20 19:55:09,ERROR,[Thread-0],[com.hyt.rtdw.data.JsonOrderSender$SendCallBack.onCompletion(JsonOrderSender.java:74)],Topic order_table not present in metadata after 60000 ms.
org.apache.kafka.common.errors.TimeoutException: Topic order_table not present in metadata after 60000 ms.
2021-07-20 19:56:24,ERROR,[Thread-0],[com.hyt.rtdw.data.JsonOrderSender$SendCallBack.onCompletion(JsonOrderSender.java:74)],Topic order_table not present in metadata after 60000 ms.
org.apache.kafka.common.errors.TimeoutException: Topic order_table not present in metadata after 60000 ms.
2021-07-20 19:57:39,ERROR,[Thread-0],[com.hyt.rtdw.data.JsonOrderSender$SendCallBack.onCompletion(JsonOrderSender.java:74)],Topic order_table not present in metadata after 60000 ms.
org.apache.kafka.common.errors.TimeoutException: Topic order_table not present in metadata after 60000 ms.
2021-07-20 19:58:54,ERROR,[Thread-0],[com.hyt.rtdw.data.JsonOrderSender$SendCallBack.onCompletion(JsonOrderSender.java:74)],Topic order_table not present in metadata after 60000 ms.
org.apache.kafka.common.errors.TimeoutException: Topic order_table not present in metadata after 60000 ms.
2021-07-20 20:00:09,ERROR,[Thread-0],[com.hyt.rtdw.data.JsonOrderSender$SendCallBack.onCompletion(JsonOrderSender.java:74)],Topic order_table not present in metadata after 60000 ms.
org.apache.kafka.common.errors.TimeoutException: Topic order_table not present in metadata after 60000 ms.
2021-07-20 20:01:24,ERROR,[Thread-0],[com.hyt.rtdw.data.JsonOrderSender$SendCallBack.onCompletion(JsonOrderSender.java:74)],Topic order_table not present in metadata after 60000 ms.
org.apache.kafka.common.errors.TimeoutException: Topic order_table not present in metadata after 60000 ms.
2021-07-20 20:02:39,ERROR,[Thread-0],[com.hyt.rtdw.data.JsonOrderSender$SendCallBack.onCompletion(JsonOrderSender.java:74)],Topic order_table not present in metadata after 60000 ms.
org.apache.kafka.common.errors.TimeoutException: Topic order_table not present in metadata after 60000 ms.
2021-07-20 20:03:54,ERROR,[Thread-0],[com.hyt.rtdw.data.JsonOrderSender$SendCallBack.onCompletion(JsonOrderSender.java:74)],Topic order_table not present in metadata after 60000 ms.
org.apache.kafka.common.errors.TimeoutException: Topic order_table not present in metadata after 60000 ms.
2021-07-20 20:05:09,ERROR,[Thread-0],[com.hyt.rtdw.data.JsonOrderSender$SendCallBack.onCompletion(JsonOrderSender.java:74)],Topic order_table not present in metadata after 60000 ms.
org.apache.kafka.common.errors.TimeoutException: Topic order_table not present in metadata after 60000 ms.
2021-07-20 20:06:24,ERROR,[Thread-0],[com.hyt.rtdw.data.JsonOrderSender$SendCallBack.onCompletion(JsonOrderSender.java:74)],Topic order_table not present in metadata after 60000 ms.
org.apache.kafka.common.errors.TimeoutException: Topic order_table not present in metadata after 60000 ms.
2021-07-20 20:07:39,ERROR,[Thread-0],[com.hyt.rtdw.data.JsonOrderSender$SendCallBack.onCompletion(JsonOrderSender.java:74)],Topic order_table not present in metadata after 60000 ms.
org.apache.kafka.common.errors.TimeoutException: Topic order_table not present in metadata after 60000 ms.
2021-07-20 20:08:54,ERROR,[Thread-0],[com.hyt.rtdw.data.JsonOrderSender$SendCallBack.onCompletion(JsonOrderSender.java:74)],Topic order_table not present in metadata after 60000 ms.
org.apache.kafka.common.errors.TimeoutException: Topic order_table not present in metadata after 60000 ms.
2021-07-20 20:10:09,ERROR,[Thread-0],[com.hyt.rtdw.data.JsonOrderSender$SendCallBack.onCompletion(JsonOrderSender.java:74)],Topic order_table not present in metadata after 60000 ms.
org.apache.kafka.common.errors.TimeoutException: Topic order_table not present in metadata after 60000 ms.
2021-07-20 20:11:24,ERROR,[Thread-0],[com.hyt.rtdw.data.JsonOrderSender$SendCallBack.onCompletion(JsonOrderSender.java:74)],Topic order_table not present in metadata after 60000 ms.
org.apache.kafka.common.errors.TimeoutException: Topic order_table not present in metadata after 60000 ms.
